Using pre-set license
Built from '2021.1/staging' branch; Version is '2021.1.15f1 (e767a7370072) revision 15165351'; Using compiler version '192528614'; Build Type 'Release'
OS: 'Windows 10 Pro; OS build 22621.1848; Version 2009; 64bit' Language: 'ja' Physical Memory: 32688 MB
BatchMode: 1, IsHumanControllingUs: 0, StartBugReporterOnCrash: 0, Is64bit: 1, IsPro: 0

 COMMAND LINE ARGUMENTS:
C:\Program Files\Unity\Hub\Editor\2021.1.15f1\Editor\Unity.exe
-adb2
-batchMode
-noUpm
-name
AssetImportWorker0
-projectPath
C:/Users/GamePG/Documents/GitHub/Broad/Broad
-logFile
Logs/AssetImportWorker0.log
-srvPort
58057
Successfully changed project path to: C:/Users/GamePG/Documents/GitHub/Broad/Broad
C:/Users/GamePG/Documents/GitHub/Broad/Broad
Using Asset Import Pipeline V2.
Refreshing native plugins compatible for Editor in 105.25 ms, found 3 plugins.
Preloading 0 native plugins for Editor in 0.00 ms.
Initialize engine version: 2021.1.15f1 (e767a7370072)
[Subsystems] Discovering subsystems at path C:/Program Files/Unity/Hub/Editor/2021.1.15f1/Editor/Data/Resources/UnitySubsystems
[Subsystems] Discovering subsystems at path C:/Users/GamePG/Documents/GitHub/Broad/Broad/Assets
GfxDevice: creating device client; threaded=0; jobified=0
Direct3D:
    Version:  Direct3D 11.0 [level 11.1]
    Renderer: NVIDIA GeForce RTX 2070 SUPER (ID=0x1e84)
    Vendor:   NVIDIA
    VRAM:     8003 MB
    Driver:   31.0.15.3118
Initialize mono
Mono path[0] = 'C:/Program Files/Unity/Hub/Editor/2021.1.15f1/Editor/Data/Managed'
Mono path[1] = 'C:/Program Files/Unity/Hub/Editor/2021.1.15f1/Editor/Data/MonoBleedingEdge/lib/mono/unityjit'
Mono config path = 'C:/Program Files/Unity/Hub/Editor/2021.1.15f1/Editor/Data/MonoBleedingEdge/etc'
Using monoOptions --debugger-agent=transport=dt_socket,embedding=1,server=y,suspend=n,address=127.0.0.1:56492
Begin MonoManager ReloadAssembly
Registering precompiled unity dll's ...
Register platform support module: C:/Program Files/Unity/Hub/Editor/2021.1.15f1/Editor/Data/PlaybackEngines/WindowsStandaloneSupport/UnityEditor.WindowsStandalone.Extensions.dll
Registered in 0.002291 seconds.
Native extension for WindowsStandalone target not found
Refreshing native plugins compatible for Editor in 73.76 ms, found 3 plugins.
Preloading 0 native plugins for Editor in 0.00 ms.
Mono: successfully reloaded assembly
- Completed reload, in  1.142 seconds
Domain Reload Profiling:
	ReloadAssembly (1143ms)
		BeginReloadAssembly (136ms)
			ExecutionOrderSort (0ms)
			DisableScriptedObjects (0ms)
			BackupInstance (0ms)
			ReleaseScriptingObjects (0ms)
			CreateAndSetChildDomain (1ms)
		EndReloadAssembly (402ms)
			LoadAssemblies (136ms)
			RebuildTransferFunctionScriptingTraits (0ms)
			SetupTypeCache (147ms)
			ReleaseScriptCaches (0ms)
			RebuildScriptCaches (27ms)
			SetupLoadedEditorAssemblies (188ms)
				LogAssemblyErrors (0ms)
				InitializePlatformSupportModulesInManaged (5ms)
				SetLoadedEditorAssemblies (0ms)
				RefreshPlugins (74ms)
				BeforeProcessingInitializeOnLoad (1ms)
				ProcessInitializeOnLoadAttributes (80ms)
				ProcessInitializeOnLoadMethodAttributes (27ms)
				AfterProcessingInitializeOnLoad (0ms)
				EditorAssembliesLoaded (0ms)
			ExecutionOrderSort2 (0ms)
			AwakeInstancesAfterBackupRestoration (0ms)
Platform modules already initialized, skipping
Registering precompiled user dll's ...
Registered in 0.014866 seconds.
Begin MonoManager ReloadAssembly
Symbol file LoadedFromMemory doesn't match image C:\Users\GamePG\Documents\GitHub\Broad\Broad\Library\PackageCache\com.unity.visualscripting@1.6.1\Editor\VisualScripting.Core\Dependencies\YamlDotNet\Unity.VisualScripting.YamlDotNet.dll
Symbol file LoadedFromMemory doesn't match image C:\Users\GamePG\Documents\GitHub\Broad\Broad\Library\PackageCache\com.unity.visualscripting@1.6.1\Editor\VisualScripting.Core\Dependencies\DotNetZip\Unity.VisualScripting.IonicZip.dll
Native extension for WindowsStandalone target not found
Refreshing native plugins compatible for Editor in 71.36 ms, found 3 plugins.
Preloading 0 native plugins for Editor in 0.00 ms.
Mirror | mirror-networking.com | discord.gg/N9QVxbM
UnityEngine.StackTraceUtility:ExtractStackTrace ()
UnityEngine.DebugLogHandler:LogFormat (UnityEngine.LogType,UnityEngine.Object,string,object[])
UnityEngine.Logger:Log (UnityEngine.LogType,object)
UnityEngine.Debug:Log (object)
Mirror.Welcome:OnInitializeOnLoad () (at Assets/Mirror/Editor/Welcome.cs:18)
System.Reflection.MonoMethod:Invoke (object,System.Reflection.BindingFlags,System.Reflection.Binder,object[],System.Globalization.CultureInfo)
System.Reflection.MethodBase:Invoke (object,object[])
UnityEditor.EditorAssemblies:ProcessInitializeOnLoadMethodAttributes ()

(Filename: Assets/Mirror/Editor/Welcome.cs Line: 18)

Mono: successfully reloaded assembly
- Completed reload, in  1.280 seconds
Domain Reload Profiling:
	ReloadAssembly (1280ms)
		BeginReloadAssembly (213ms)
			ExecutionOrderSort (0ms)
			DisableScriptedObjects (4ms)
			BackupInstance (0ms)
			ReleaseScriptingObjects (0ms)
			CreateAndSetChildDomain (16ms)
		EndReloadAssembly (1014ms)
			LoadAssemblies (232ms)
			RebuildTransferFunctionScriptingTraits (0ms)
			SetupTypeCache (363ms)
			ReleaseScriptCaches (1ms)
			RebuildScriptCaches (47ms)
			SetupLoadedEditorAssemblies (382ms)
				LogAssemblyErrors (0ms)
				InitializePlatformSupportModulesInManaged (3ms)
				SetLoadedEditorAssemblies (0ms)
				RefreshPlugins (71ms)
				BeforeProcessingInitializeOnLoad (63ms)
				ProcessInitializeOnLoadAttributes (217ms)
				ProcessInitializeOnLoadMethodAttributes (21ms)
				AfterProcessingInitializeOnLoad (6ms)
				EditorAssembliesLoaded (0ms)
			ExecutionOrderSort2 (0ms)
			AwakeInstancesAfterBackupRestoration (5ms)
Platform modules already initialized, skipping
========================================================================
Worker process is ready to serve import requests
Launched and connected shader compiler UnityShaderCompiler.exe after 0.04 seconds
Refreshing native plugins compatible for Editor in 0.63 ms, found 3 plugins.
Preloading 0 native plugins for Editor in 0.00 ms.
Unloading 3866 Unused Serialized files (Serialized files now loaded: 0)
System memory in use before: 143.9 MB.
System memory in use after: 144.1 MB.

Unloading 31 unused Assets to reduce memory usage. Loaded Objects now: 4315.
Total: 2.369100 ms (FindLiveObjects: 0.253100 ms CreateObjectMapping: 0.121400 ms MarkObjects: 1.934400 ms  DeleteObjects: 0.059300 ms)

AssetImportParameters requested are different than current active one (requested -> active):
  custom:framework-win-MediaFoundation: 216162199b28c13a410421893ffa2e32 -> 
  custom:video-decoder-ogg-theora: a1e56fd34408186e4bbccfd4996cb3dc -> 
  custom:container-muxer-webm: aa71ff27fc2769a1b78a27578f13a17b -> 
  custom:container-demuxer-webm: 4f35f7cbe854078d1ac9338744f61a02 -> 
  custom:container-demuxer-ogg: 62fdf1f143b41e24485cea50d1cbac27 -> 
  custom:video-encoder-webm-vp8: eb34c28f22e8b96e1ab97ce403110664 -> 
  custom:video-codec-MediaFoundation-h265: 746d11721c4dcdbdad8f713fa42b33f4 -> 
  custom:video-decoder-webm-vp8: 9c59270c3fd7afecdb556c50c9e8de78 -> 
  custom:audio-decoder-ogg-vorbis: bf7c407c2cedff20999df2af8eb42d56 -> 
  custom:audio-encoder-webm-vorbis: bf7c407c2cedff20999df2af8eb42d56 -> 
========================================================================
Received Import Request.
  path: Assets/Scripts/UI/Title
  artifactKey: Guid(7457cab976201134d9f865c3e03fcf53) Importer(815301076,1909f56bfc062723c751e8b465ee728b)
Start importing Assets/Scripts/UI/Title using Guid(7457cab976201134d9f865c3e03fcf53) Importer(815301076,1909f56bfc062723c751e8b465ee728b)  -> (artifact id: '99f00503f84d6317a8127e70d67f4869') in 0.010977 seconds 
========================================================================
Received Import Request.
  Time since last request: 0.000244 seconds.
  path: Assets/Scripts/UI/BlinkGraphic.cs
  artifactKey: Guid(a417a5378f31814408b46557fd873765) Importer(815301076,1909f56bfc062723c751e8b465ee728b)
Start importing Assets/Scripts/UI/BlinkGraphic.cs using Guid(a417a5378f31814408b46557fd873765) Importer(815301076,1909f56bfc062723c751e8b465ee728b)  -> (artifact id: 'ce3e70f50ef81eb9a1aecd19bbb94b7e') in 0.031092 seconds 
========================================================================
Received Import Request.
  Time since last request: 0.000194 seconds.
  path: Assets/Scripts/UI/GameMain
  artifactKey: Guid(e8006eb5582107d419670af98be5c108) Importer(815301076,1909f56bfc062723c751e8b465ee728b)
Start importing Assets/Scripts/UI/GameMain using Guid(e8006eb5582107d419670af98be5c108) Importer(815301076,1909f56bfc062723c751e8b465ee728b)  -> (artifact id: '49bc525ac42aaa80f8ab918a7db5ca63') in 0.007705 seconds 
========================================================================
Received Import Request.
  Time since last request: 0.000247 seconds.
  path: Assets/Scripts/UI/BlocksUI.cs
  artifactKey: Guid(9e93537bd48aadc44aee77ff5a9d1791) Importer(815301076,1909f56bfc062723c751e8b465ee728b)
Start importing Assets/Scripts/UI/BlocksUI.cs using Guid(9e93537bd48aadc44aee77ff5a9d1791) Importer(815301076,1909f56bfc062723c751e8b465ee728b)  -> (artifact id: 'ccff7b3c9caf62e98b3ed4ddc421cf76') in 0.008144 seconds 
========================================================================
Received Import Request.
  Time since last request: 0.000211 seconds.
  path: Assets/Scripts/UI
  artifactKey: Guid(3b45060eb42b0ee4f8f768464fc48d8a) Importer(815301076,1909f56bfc062723c751e8b465ee728b)
Start importing Assets/Scripts/UI using Guid(3b45060eb42b0ee4f8f768464fc48d8a) Importer(815301076,1909f56bfc062723c751e8b465ee728b)  -> (artifact id: 'c531bb396ee216557310e48cdc3b6cec') in 0.007388 seconds 
========================================================================
Received Prepare
Registering precompiled user dll's ...
Registered in 0.012658 seconds.
Begin MonoManager ReloadAssembly
Symbol file LoadedFromMemory doesn't match image C:\Users\GamePG\Documents\GitHub\Broad\Broad\Library\PackageCache\com.unity.visualscripting@1.6.1\Editor\VisualScripting.Core\Dependencies\YamlDotNet\Unity.VisualScripting.YamlDotNet.dll
Symbol file LoadedFromMemory doesn't match image C:\Users\GamePG\Documents\GitHub\Broad\Broad\Library\PackageCache\com.unity.visualscripting@1.6.1\Editor\VisualScripting.Core\Dependencies\DotNetZip\Unity.VisualScripting.IonicZip.dll
Native extension for WindowsStandalone target not found
Refreshing native plugins compatible for Editor in 0.67 ms, found 3 plugins.
Preloading 0 native plugins for Editor in 0.00 ms.
Mono: successfully reloaded assembly
- Completed reload, in  1.103 seconds
Domain Reload Profiling:
	ReloadAssembly (1103ms)
		BeginReloadAssembly (194ms)
			ExecutionOrderSort (0ms)
			DisableScriptedObjects (4ms)
			BackupInstance (0ms)
			ReleaseScriptingObjects (0ms)
			CreateAndSetChildDomain (33ms)
		EndReloadAssembly (858ms)
			LoadAssemblies (192ms)
			RebuildTransferFunctionScriptingTraits (0ms)
			SetupTypeCache (359ms)
			ReleaseScriptCaches (1ms)
			RebuildScriptCaches (35ms)
			SetupLoadedEditorAssemblies (271ms)
				LogAssemblyErrors (0ms)
				InitializePlatformSupportModulesInManaged (4ms)
				SetLoadedEditorAssemblies (0ms)
				RefreshPlugins (1ms)
				BeforeProcessingInitializeOnLoad (44ms)
				ProcessInitializeOnLoadAttributes (197ms)
				ProcessInitializeOnLoadMethodAttributes (19ms)
				AfterProcessingInitializeOnLoad (6ms)
				EditorAssembliesLoaded (0ms)
			ExecutionOrderSort2 (0ms)
			AwakeInstancesAfterBackupRestoration (6ms)
Platform modules already initialized, skipping
Refreshing native plugins compatible for Editor in 0.64 ms, found 3 plugins.
Preloading 0 native plugins for Editor in 0.00 ms.
Unloading 3860 Unused Serialized files (Serialized files now loaded: 0)
System memory in use before: 143.9 MB.
System memory in use after: 144.2 MB.

Unloading 24 unused Assets to reduce memory usage. Loaded Objects now: 4317.
Total: 2.328400 ms (FindLiveObjects: 0.256400 ms CreateObjectMapping: 0.115700 ms MarkObjects: 1.937800 ms  DeleteObjects: 0.017600 ms)

AssetImportParameters requested are different than current active one (requested -> active):
  custom:framework-win-MediaFoundation: 216162199b28c13a410421893ffa2e32 -> 
  custom:video-decoder-ogg-theora: a1e56fd34408186e4bbccfd4996cb3dc -> 
  custom:container-muxer-webm: aa71ff27fc2769a1b78a27578f13a17b -> 
  custom:container-demuxer-webm: 4f35f7cbe854078d1ac9338744f61a02 -> 
  custom:container-demuxer-ogg: 62fdf1f143b41e24485cea50d1cbac27 -> 
  custom:video-encoder-webm-vp8: eb34c28f22e8b96e1ab97ce403110664 -> 
  custom:video-codec-MediaFoundation-h265: 746d11721c4dcdbdad8f713fa42b33f4 -> 
  custom:video-decoder-webm-vp8: 9c59270c3fd7afecdb556c50c9e8de78 -> 
  custom:audio-decoder-ogg-vorbis: bf7c407c2cedff20999df2af8eb42d56 -> 
  custom:audio-encoder-webm-vorbis: bf7c407c2cedff20999df2af8eb42d56 -> 
========================================================================
Received Import Request.
  Time since last request: 60.127506 seconds.
  path: Assets/Scripts/UI/ExtendButton.cs
  artifactKey: Guid(168c02ec5acb0354488838f26eea089d) Importer(815301076,1909f56bfc062723c751e8b465ee728b)
Start importing Assets/Scripts/UI/ExtendButton.cs using Guid(168c02ec5acb0354488838f26eea089d) Importer(815301076,1909f56bfc062723c751e8b465ee728b)  -> (artifact id: 'f5cf1aea9e5be7acdecbcf1d6b9d26b1') in 0.011681 seconds 
========================================================================
Received Import Request.
  Time since last request: 0.000240 seconds.
  path: Assets/Scripts/UI/DonutChip.cs
  artifactKey: Guid(a2f54a5b79c2a1341a9afdebfb366784) Importer(815301076,1909f56bfc062723c751e8b465ee728b)
Start importing Assets/Scripts/UI/DonutChip.cs using Guid(a2f54a5b79c2a1341a9afdebfb366784) Importer(815301076,1909f56bfc062723c751e8b465ee728b)  -> (artifact id: 'fa7b39b687a58f5dd78330c294eeb193') in 0.007512 seconds 
========================================================================
Received Import Request.
  Time since last request: 0.000802 seconds.
  path: Assets/Scripts/UI/MoveButton.cs
  artifactKey: Guid(6c361a3df5028b84799081aa3ba98228) Importer(815301076,1909f56bfc062723c751e8b465ee728b)
Start importing Assets/Scripts/UI/MoveButton.cs using Guid(6c361a3df5028b84799081aa3ba98228) Importer(815301076,1909f56bfc062723c751e8b465ee728b)  -> (artifact id: '24c91c7eaf77ad825509a5315aaae111') in 0.008517 seconds 
========================================================================
Received Import Request.
  Time since last request: 1.293943 seconds.
  path: Assets/Scripts/UI/SelectCursor.cs
  artifactKey: Guid(dc42bbf0cf652a140bee7f59ba0ced70) Importer(815301076,1909f56bfc062723c751e8b465ee728b)
Start importing Assets/Scripts/UI/SelectCursor.cs using Guid(dc42bbf0cf652a140bee7f59ba0ced70) Importer(815301076,1909f56bfc062723c751e8b465ee728b)  -> (artifact id: 'fdb8c868def0c804b0bd2ca57130d2ed') in 0.008300 seconds 
========================================================================
Received Import Request.
  Time since last request: 10.498632 seconds.
  path: Assets/Scripts/UI/Transition.cs
  artifactKey: Guid(4d0e91ede7d2e9b4fb92b91ea879ecbe) Importer(815301076,1909f56bfc062723c751e8b465ee728b)
Start importing Assets/Scripts/UI/Transition.cs using Guid(4d0e91ede7d2e9b4fb92b91ea879ecbe) Importer(815301076,1909f56bfc062723c751e8b465ee728b)  -> (artifact id: 'af098603aaaf9db76c1261d6bf62a48b') in 0.008430 seconds 
========================================================================
Received Prepare
Registering precompiled user dll's ...
Registered in 0.013956 seconds.
Begin MonoManager ReloadAssembly
Symbol file LoadedFromMemory doesn't match image C:\Users\GamePG\Documents\GitHub\Broad\Broad\Library\PackageCache\com.unity.visualscripting@1.6.1\Editor\VisualScripting.Core\Dependencies\YamlDotNet\Unity.VisualScripting.YamlDotNet.dll
Symbol file LoadedFromMemory doesn't match image C:\Users\GamePG\Documents\GitHub\Broad\Broad\Library\PackageCache\com.unity.visualscripting@1.6.1\Editor\VisualScripting.Core\Dependencies\DotNetZip\Unity.VisualScripting.IonicZip.dll
Native extension for WindowsStandalone target not found
Refreshing native plugins compatible for Editor in 0.63 ms, found 3 plugins.
Preloading 0 native plugins for Editor in 0.00 ms.
Mono: successfully reloaded assembly
- Completed reload, in  1.071 seconds
Domain Reload Profiling:
	ReloadAssembly (1071ms)
		BeginReloadAssembly (196ms)
			ExecutionOrderSort (0ms)
			DisableScriptedObjects (4ms)
			BackupInstance (0ms)
			ReleaseScriptingObjects (0ms)
			CreateAndSetChildDomain (32ms)
		EndReloadAssembly (825ms)
			LoadAssemblies (190ms)
			RebuildTransferFunctionScriptingTraits (0ms)
			SetupTypeCache (337ms)
			ReleaseScriptCaches (1ms)
			RebuildScriptCaches (32ms)
			SetupLoadedEditorAssemblies (262ms)
				LogAssemblyErrors (0ms)
				InitializePlatformSupportModulesInManaged (4ms)
				SetLoadedEditorAssemblies (0ms)
				RefreshPlugins (1ms)
				BeforeProcessingInitializeOnLoad (43ms)
				ProcessInitializeOnLoadAttributes (190ms)
				ProcessInitializeOnLoadMethodAttributes (19ms)
				AfterProcessingInitializeOnLoad (6ms)
				EditorAssembliesLoaded (0ms)
			ExecutionOrderSort2 (0ms)
			AwakeInstancesAfterBackupRestoration (5ms)
Platform modules already initialized, skipping
Refreshing native plugins compatible for Editor in 0.64 ms, found 3 plugins.
Preloading 0 native plugins for Editor in 0.00 ms.
Unloading 3860 Unused Serialized files (Serialized files now loaded: 0)
System memory in use before: 144.0 MB.
System memory in use after: 144.2 MB.

Unloading 24 unused Assets to reduce memory usage. Loaded Objects now: 4319.
Total: 2.256400 ms (FindLiveObjects: 0.285700 ms CreateObjectMapping: 0.110200 ms MarkObjects: 1.843300 ms  DeleteObjects: 0.016500 ms)

AssetImportParameters requested are different than current active one (requested -> active):
  custom:framework-win-MediaFoundation: 216162199b28c13a410421893ffa2e32 -> 
  custom:video-decoder-ogg-theora: a1e56fd34408186e4bbccfd4996cb3dc -> 
  custom:container-muxer-webm: aa71ff27fc2769a1b78a27578f13a17b -> 
  custom:container-demuxer-webm: 4f35f7cbe854078d1ac9338744f61a02 -> 
  custom:container-demuxer-ogg: 62fdf1f143b41e24485cea50d1cbac27 -> 
  custom:video-encoder-webm-vp8: eb34c28f22e8b96e1ab97ce403110664 -> 
  custom:video-codec-MediaFoundation-h265: 746d11721c4dcdbdad8f713fa42b33f4 -> 
  custom:video-decoder-webm-vp8: 9c59270c3fd7afecdb556c50c9e8de78 -> 
  custom:audio-decoder-ogg-vorbis: bf7c407c2cedff20999df2af8eb42d56 -> 
  custom:audio-encoder-webm-vorbis: bf7c407c2cedff20999df2af8eb42d56 -> 
========================================================================
Received Import Request.
  Time since last request: 15.427159 seconds.
  path: Assets/Scripts/ContrastCamera.cs
  artifactKey: Guid(cff09c8181ac0ec4992969b6714cca2b) Importer(815301076,1909f56bfc062723c751e8b465ee728b)
Start importing Assets/Scripts/ContrastCamera.cs using Guid(cff09c8181ac0ec4992969b6714cca2b) Importer(815301076,1909f56bfc062723c751e8b465ee728b)  -> (artifact id: '10cc7b119df6e880eeae875eafc07f89') in 0.011282 seconds 
========================================================================
Received Import Request.
  Time since last request: 0.000229 seconds.
  path: Assets/Scripts/Test.cs
  artifactKey: Guid(0e928340e5d0fc3429c7800e7d3aa772) Importer(815301076,1909f56bfc062723c751e8b465ee728b)
Start importing Assets/Scripts/Test.cs using Guid(0e928340e5d0fc3429c7800e7d3aa772) Importer(815301076,1909f56bfc062723c751e8b465ee728b)  -> (artifact id: '719f16eff1568f7727e6ee71a27af662') in 0.009122 seconds 
========================================================================
Received Import Request.
  Time since last request: 33.537478 seconds.
  path: Assets/ScriptTemplates
  artifactKey: Guid(8c00361129d75a941a732ef88e326a4f) Importer(815301076,1909f56bfc062723c751e8b465ee728b)
Start importing Assets/ScriptTemplates using Guid(8c00361129d75a941a732ef88e326a4f) Importer(815301076,1909f56bfc062723c751e8b465ee728b)  -> (artifact id: '373e8a7d8760c4e2ddea405b345c06c0') in 0.009243 seconds 
========================================================================
Received Import Request.
  Time since last request: 2.545628 seconds.
  path: Assets/ScriptTemplates/57-Mirror__Network Transform-NewNetworkTransform.cs.txt
  artifactKey: Guid(38d41e2048919f64ea817eb343ffb09d) Importer(815301076,1909f56bfc062723c751e8b465ee728b)
Start importing Assets/ScriptTemplates/57-Mirror__Network Transform-NewNetworkTransform.cs.txt using Guid(38d41e2048919f64ea817eb343ffb09d) Importer(815301076,1909f56bfc062723c751e8b465ee728b)  -> (artifact id: '0829108d24d3d44ab0b955aca93cd085') in 0.028931 seconds 
========================================================================
Received Import Request.
  Time since last request: 0.741783 seconds.
  path: Assets/ScriptTemplates/55-Mirror__Network Room Player-NewNetworkRoomPlayer.cs.txt
  artifactKey: Guid(1ca8a6309173d4248bc7fa0c6ae001e0) Importer(815301076,1909f56bfc062723c751e8b465ee728b)
Start importing Assets/ScriptTemplates/55-Mirror__Network Room Player-NewNetworkRoomPlayer.cs.txt using Guid(1ca8a6309173d4248bc7fa0c6ae001e0) Importer(815301076,1909f56bfc062723c751e8b465ee728b)  -> (artifact id: '2817ad4849ca5e21ca83cefbf33b0dae') in 0.009229 seconds 
========================================================================
Received Import Request.
  Time since last request: 1.258688 seconds.
  path: Assets/ScriptTemplates/53-Mirror__Custom Interest Management-CustomInterestManagement.cs.txt
  artifactKey: Guid(fc1892bf5b3ab304a9be7b71d05b6ae8) Importer(815301076,1909f56bfc062723c751e8b465ee728b)
Start importing Assets/ScriptTemplates/53-Mirror__Custom Interest Management-CustomInterestManagement.cs.txt using Guid(fc1892bf5b3ab304a9be7b71d05b6ae8) Importer(815301076,1909f56bfc062723c751e8b465ee728b)  -> (artifact id: '6a9bff03cb8bde1652e681fda868e1f6') in 0.009191 seconds 
========================================================================
Received Import Request.
  Time since last request: 8.353396 seconds.
  path: Assets/ScriptTemplates/50-Mirror__Network Manager-NewNetworkManager.cs.txt
  artifactKey: Guid(ed73cc79a95879d4abd948a36043c798) Importer(815301076,1909f56bfc062723c751e8b465ee728b)
Start importing Assets/ScriptTemplates/50-Mirror__Network Manager-NewNetworkManager.cs.txt using Guid(ed73cc79a95879d4abd948a36043c798) Importer(815301076,1909f56bfc062723c751e8b465ee728b)  -> (artifact id: '330481d20781b2cc1d5427de4e0ae3ab') in 0.010572 seconds 
========================================================================
Received Import Request.
  Time since last request: 25.927265 seconds.
  path: Assets/Prefabs
  artifactKey: Guid(7536902d742dd984ab8295775186bc46) Importer(815301076,1909f56bfc062723c751e8b465ee728b)
Start importing Assets/Prefabs using Guid(7536902d742dd984ab8295775186bc46) Importer(815301076,1909f56bfc062723c751e8b465ee728b)  -> (artifact id: '6453677e49ac8ca1c96fe4a24732e724') in 0.007927 seconds 
========================================================================
Received Import Request.
  Time since last request: 0.036670 seconds.
  path: Assets/Prefabs/Block.prefab
  artifactKey: Guid(ba55a8d7ccb955b4982436799a6cd040) Importer(815301076,1909f56bfc062723c751e8b465ee728b)
Start importing Assets/Prefabs/Block.prefab using Guid(ba55a8d7ccb955b4982436799a6cd040) Importer(815301076,1909f56bfc062723c751e8b465ee728b)  -> (artifact id: 'f4c00b8b11d633864c3938c45d07976e') in 0.065792 seconds 
========================================================================
Received Import Request.
  Time since last request: 0.000193 seconds.
  path: Assets/Prefabs/Button.prefab
  artifactKey: Guid(2e32f8d8ad7195a49a8198b6b9a1c84d) Importer(815301076,1909f56bfc062723c751e8b465ee728b)
Start importing Assets/Prefabs/Button.prefab using Guid(2e32f8d8ad7195a49a8198b6b9a1c84d) Importer(815301076,1909f56bfc062723c751e8b465ee728b)  -> (artifact id: 'cbc30b752cb072fd9cf71c099294edb9') in 0.032369 seconds 
========================================================================
Received Import Request.
  Time since last request: 0.000236 seconds.
  path: Assets/Prefabs/SetableSquare.prefab
  artifactKey: Guid(5b74964b452e5844ab1c132273f944f1) Importer(815301076,1909f56bfc062723c751e8b465ee728b)
Start importing Assets/Prefabs/SetableSquare.prefab using Guid(5b74964b452e5844ab1c132273f944f1) Importer(815301076,1909f56bfc062723c751e8b465ee728b)  -> (artifact id: '34e8559301049256a7a508fd85cddcce') in 0.020344 seconds 
========================================================================
Received Import Request.
  Time since last request: 0.000234 seconds.
  path: Assets/Prefabs/UnsetableSquare.prefab
  artifactKey: Guid(55c9f6a885b2ff1448f599d060072e15) Importer(815301076,1909f56bfc062723c751e8b465ee728b)
Start importing Assets/Prefabs/UnsetableSquare.prefab using Guid(55c9f6a885b2ff1448f599d060072e15) Importer(815301076,1909f56bfc062723c751e8b465ee728b)  -> (artifact id: '822ca8700bd3285b58979476ab48a229') in 0.021341 seconds 
========================================================================
Received Import Request.
  Time since last request: 0.000204 seconds.
  path: Assets/Prefabs/DeckButton.prefab
  artifactKey: Guid(af20e7a5bd8624f4fa90233facab7c05) Importer(815301076,1909f56bfc062723c751e8b465ee728b)
Start importing Assets/Prefabs/DeckButton.prefab using Guid(af20e7a5bd8624f4fa90233facab7c05) Importer(815301076,1909f56bfc062723c751e8b465ee728b)  -> (artifact id: '695610a8b428df19d04bcb10f5f9dc66') in 0.021463 seconds 
========================================================================
Received Import Request.
  Time since last request: 0.000205 seconds.
  path: Assets/Prefabs/BlocksButton.prefab
  artifactKey: Guid(31c6428d463535e43874429ea7a1e454) Importer(815301076,1909f56bfc062723c751e8b465ee728b)
Start importing Assets/Prefabs/BlocksButton.prefab using Guid(31c6428d463535e43874429ea7a1e454) Importer(815301076,1909f56bfc062723c751e8b465ee728b)  -> (artifact id: '81d5d325dcf10829a39084289d9fab32') in 0.020576 seconds 
========================================================================
Received Import Request.
  Time since last request: 4.167118 seconds.
  path: Assets/Resources/Controls.inputactions
  artifactKey: Guid(a179a674942b52d4bbbdc982639e6780) Importer(815301076,1909f56bfc062723c751e8b465ee728b)
Start importing Assets/Resources/Controls.inputactions using Guid(a179a674942b52d4bbbdc982639e6780) Importer(815301076,1909f56bfc062723c751e8b465ee728b)  -> (artifact id: '27c7be313d567947ce1dc5b5e03561d6') in 0.015172 seconds 
========================================================================
Received Import Request.
  Time since last request: 0.000236 seconds.
  path: Assets/Resources/InputSystem.inputsettings.asset
  artifactKey: Guid(580162b5385a87d4696863b207dee0b4) Importer(815301076,1909f56bfc062723c751e8b465ee728b)
Start importing Assets/Resources/InputSystem.inputsettings.asset using Guid(580162b5385a87d4696863b207dee0b4) Importer(815301076,1909f56bfc062723c751e8b465ee728b)  -> (artifact id: 'a0bcdd014986cedb7e39dd0ab5788b0f') in 0.009912 seconds 
========================================================================
Received Import Request.
  Time since last request: 0.000239 seconds.
  path: Assets/Resources/GameSetting.asset
  artifactKey: Guid(7921ac6de435c664ba8fa8167f529e08) Importer(815301076,1909f56bfc062723c751e8b465ee728b)
Start importing Assets/Resources/GameSetting.asset using Guid(7921ac6de435c664ba8fa8167f529e08) Importer(815301076,1909f56bfc062723c751e8b465ee728b)  -> (artifact id: 'e5c6cb351d4a8d6272748379e0357ed7') in 0.010325 seconds 
========================================================================
Received Import Request.
  Time since last request: 61.922987 seconds.
  path: Assets/Scenes/DeckScene.unity
  artifactKey: Guid(a3ac1c8f8a7264f4d8bb25aa070f30b5) Importer(815301076,1909f56bfc062723c751e8b465ee728b)
Start importing Assets/Scenes/DeckScene.unity using Guid(a3ac1c8f8a7264f4d8bb25aa070f30b5) Importer(815301076,1909f56bfc062723c751e8b465ee728b)  -> (artifact id: '2f7aae37a3ac00f4dc9b2f501bec6c17') in 0.008231 seconds 
========================================================================
Received Import Request.
  Time since last request: 1.615391 seconds.
  path: Assets/Scenes/TitleScene.unity
  artifactKey: Guid(a97f5b935516a0b4e889cef429b2935a) Importer(815301076,1909f56bfc062723c751e8b465ee728b)
Start importing Assets/Scenes/TitleScene.unity using Guid(a97f5b935516a0b4e889cef429b2935a) Importer(815301076,1909f56bfc062723c751e8b465ee728b)  -> (artifact id: '6884537c5db04b102810adbd31d32a8d') in 0.009066 seconds 
========================================================================
Received Prepare
Registering precompiled user dll's ...
Registered in 0.013321 seconds.
Begin MonoManager ReloadAssembly
Symbol file LoadedFromMemory doesn't match image C:\Users\GamePG\Documents\GitHub\Broad\Broad\Library\PackageCache\com.unity.visualscripting@1.6.1\Editor\VisualScripting.Core\Dependencies\YamlDotNet\Unity.VisualScripting.YamlDotNet.dll
Symbol file LoadedFromMemory doesn't match image C:\Users\GamePG\Documents\GitHub\Broad\Broad\Library\PackageCache\com.unity.visualscripting@1.6.1\Editor\VisualScripting.Core\Dependencies\DotNetZip\Unity.VisualScripting.IonicZip.dll
Native extension for WindowsStandalone target not found
Refreshing native plugins compatible for Editor in 0.64 ms, found 3 plugins.
Preloading 0 native plugins for Editor in 0.00 ms.
Mono: successfully reloaded assembly
- Completed reload, in  1.228 seconds
Domain Reload Profiling:
	ReloadAssembly (1228ms)
		BeginReloadAssembly (227ms)
			ExecutionOrderSort (0ms)
			DisableScriptedObjects (5ms)
			BackupInstance (0ms)
			ReleaseScriptingObjects (0ms)
			CreateAndSetChildDomain (40ms)
		EndReloadAssembly (942ms)
			LoadAssemblies (271ms)
			RebuildTransferFunctionScriptingTraits (0ms)
			SetupTypeCache (382ms)
			ReleaseScriptCaches (1ms)
			RebuildScriptCaches (34ms)
			SetupLoadedEditorAssemblies (273ms)
				LogAssemblyErrors (0ms)
				InitializePlatformSupportModulesInManaged (4ms)
				SetLoadedEditorAssemblies (0ms)
				RefreshPlugins (1ms)
				BeforeProcessingInitializeOnLoad (43ms)
				ProcessInitializeOnLoadAttributes (200ms)
				ProcessInitializeOnLoadMethodAttributes (19ms)
				AfterProcessingInitializeOnLoad (6ms)
				EditorAssembliesLoaded (0ms)
			ExecutionOrderSort2 (0ms)
			AwakeInstancesAfterBackupRestoration (6ms)
Platform modules already initialized, skipping
Refreshing native plugins compatible for Editor in 0.68 ms, found 3 plugins.
Preloading 0 native plugins for Editor in 0.00 ms.
Unloading 3860 Unused Serialized files (Serialized files now loaded: 0)
System memory in use before: 148.3 MB.
System memory in use after: 148.5 MB.

Unloading 25 unused Assets to reduce memory usage. Loaded Objects now: 4329.
Total: 2.661400 ms (FindLiveObjects: 0.271800 ms CreateObjectMapping: 0.175600 ms MarkObjects: 2.192000 ms  DeleteObjects: 0.021000 ms)

AssetImportParameters requested are different than current active one (requested -> active):
  custom:framework-win-MediaFoundation: 216162199b28c13a410421893ffa2e32 -> 
  custom:video-decoder-ogg-theora: a1e56fd34408186e4bbccfd4996cb3dc -> 
  custom:container-muxer-webm: aa71ff27fc2769a1b78a27578f13a17b -> 
  custom:container-demuxer-webm: 4f35f7cbe854078d1ac9338744f61a02 -> 
  custom:container-demuxer-ogg: 62fdf1f143b41e24485cea50d1cbac27 -> 
  custom:video-encoder-webm-vp8: eb34c28f22e8b96e1ab97ce403110664 -> 
  custom:video-codec-MediaFoundation-h265: 746d11721c4dcdbdad8f713fa42b33f4 -> 
  custom:video-decoder-webm-vp8: 9c59270c3fd7afecdb556c50c9e8de78 -> 
  custom:audio-decoder-ogg-vorbis: bf7c407c2cedff20999df2af8eb42d56 -> 
  custom:audio-encoder-webm-vorbis: bf7c407c2cedff20999df2af8eb42d56 -> 
========================================================================
Received Prepare
Registering precompiled user dll's ...
Registered in 0.014122 seconds.
Begin MonoManager ReloadAssembly
Symbol file LoadedFromMemory doesn't match image C:\Users\GamePG\Documents\GitHub\Broad\Broad\Library\PackageCache\com.unity.visualscripting@1.6.1\Editor\VisualScripting.Core\Dependencies\YamlDotNet\Unity.VisualScripting.YamlDotNet.dll
Symbol file LoadedFromMemory doesn't match image C:\Users\GamePG\Documents\GitHub\Broad\Broad\Library\PackageCache\com.unity.visualscripting@1.6.1\Editor\VisualScripting.Core\Dependencies\DotNetZip\Unity.VisualScripting.IonicZip.dll
Native extension for WindowsStandalone target not found
Refreshing native plugins compatible for Editor in 0.65 ms, found 3 plugins.
Preloading 0 native plugins for Editor in 0.00 ms.
Mono: successfully reloaded assembly
- Completed reload, in  1.212 seconds
Domain Reload Profiling:
	ReloadAssembly (1213ms)
		BeginReloadAssembly (190ms)
			ExecutionOrderSort (0ms)
			DisableScriptedObjects (4ms)
			BackupInstance (0ms)
			ReleaseScriptingObjects (0ms)
			CreateAndSetChildDomain (33ms)
		EndReloadAssembly (965ms)
			LoadAssemblies (228ms)
			RebuildTransferFunctionScriptingTraits (0ms)
			SetupTypeCache (342ms)
			ReleaseScriptCaches (1ms)
			RebuildScriptCaches (32ms)
			SetupLoadedEditorAssemblies (272ms)
				LogAssemblyErrors (0ms)
				InitializePlatformSupportModulesInManaged (4ms)
				SetLoadedEditorAssemblies (0ms)
				RefreshPlugins (1ms)
				BeforeProcessingInitializeOnLoad (46ms)
				ProcessInitializeOnLoadAttributes (197ms)
				ProcessInitializeOnLoadMethodAttributes (19ms)
				AfterProcessingInitializeOnLoad (6ms)
				EditorAssembliesLoaded (0ms)
			ExecutionOrderSort2 (0ms)
			AwakeInstancesAfterBackupRestoration (6ms)
Platform modules already initialized, skipping
Refreshing native plugins compatible for Editor in 0.65 ms, found 3 plugins.
Preloading 0 native plugins for Editor in 0.00 ms.
Unloading 3860 Unused Serialized files (Serialized files now loaded: 0)
System memory in use before: 148.3 MB.
System memory in use after: 148.5 MB.

Unloading 24 unused Assets to reduce memory usage. Loaded Objects now: 4331.
Total: 2.182500 ms (FindLiveObjects: 0.250900 ms CreateObjectMapping: 0.123700 ms MarkObjects: 1.793200 ms  DeleteObjects: 0.013900 ms)

AssetImportParameters requested are different than current active one (requested -> active):
  custom:framework-win-MediaFoundation: 216162199b28c13a410421893ffa2e32 -> 
  custom:video-decoder-ogg-theora: a1e56fd34408186e4bbccfd4996cb3dc -> 
  custom:container-muxer-webm: aa71ff27fc2769a1b78a27578f13a17b -> 
  custom:container-demuxer-webm: 4f35f7cbe854078d1ac9338744f61a02 -> 
  custom:container-demuxer-ogg: 62fdf1f143b41e24485cea50d1cbac27 -> 
  custom:video-encoder-webm-vp8: eb34c28f22e8b96e1ab97ce403110664 -> 
  custom:video-codec-MediaFoundation-h265: 746d11721c4dcdbdad8f713fa42b33f4 -> 
  custom:video-decoder-webm-vp8: 9c59270c3fd7afecdb556c50c9e8de78 -> 
  custom:audio-decoder-ogg-vorbis: bf7c407c2cedff20999df2af8eb42d56 -> 
  custom:audio-encoder-webm-vorbis: bf7c407c2cedff20999df2af8eb42d56 -> 
AssetImportWorkerClient::OnTransportError - code=2 error=End of file
